<?xml version="1.0" encoding="UTF-8"?>
<!-- Generated by org.testng.reporters.JUnitReportReporter -->
<testsuite skipped="0" hostname="happy" name="FailedTestCaseScreenShot.GetScreenShot" tests="1" failures="0" timestamp="17 May 2018 23:30:17 GMT" time="61.128" errors="0">
  <testcase name="capturescreenshot" time="61.128" classname="FailedTestCaseScreenShot.GetScreenShot"/>
</testsuite> <!-- FailedTestCaseScreenShot.GetScreenShot -->
