<?xml version="1.0" encoding="UTF-8"?>
<!-- Generated by org.testng.reporters.JUnitReportReporter -->
<testsuite skipped="0" hostname="happy" name="RobotPractice.Mpower" tests="1" failures="0" timestamp="31 May 2018 21:14:01 GMT" time="44.078" errors="0">
  <testcase name="mpowerlogin" time="44.078" classname="RobotPractice.Mpower"/>
</testsuite> <!-- RobotPractice.Mpower -->
