<?xml version="1.0" encoding="UTF-8"?>
<!-- Generated by org.testng.reporters.JUnitReportReporter -->
<testsuite skipped="0" hostname="happy" name="RetryFailedTestCase.Retesting1" tests="1" failures="0" timestamp="30 May 2018 19:59:54 GMT" time="49.682" errors="0">
  <testcase name="login" time="49.682" classname="RetryFailedTestCase.Retesting1"/>
</testsuite> <!-- RetryFailedTestCase.Retesting1 -->
