<?xml version="1.0" encoding="UTF-8"?>
<!-- Generated by org.testng.reporters.JUnitReportReporter -->
<testsuite skipped="0" hostname="happy" name="FailedTestCaseScreenShot.HexaColor" tests="1" failures="0" timestamp="30 May 2018 22:19:49 GMT" time="77.159" errors="0">
  <testcase name="hexacolor" time="77.159" classname="FailedTestCaseScreenShot.HexaColor"/>
</testsuite> <!-- FailedTestCaseScreenShot.HexaColor -->
