<?xml version="1.0" encoding="UTF-8"?>
<!-- Generated by org.testng.reporters.JUnitReportReporter -->
<testsuite skipped="0" hostname="happy" name="TestNGPractice.FullPageScreenShot" tests="1" failures="0" timestamp="14 Jun 2018 23:37:08 GMT" time="50.725" errors="0">
  <testcase name="screen" time="50.725" classname="TestNGPractice.FullPageScreenShot"/>
</testsuite> <!-- TestNGPractice.FullPageScreenShot -->
