<?xml version="1.0" encoding="UTF-8"?>
<!-- Generated by org.testng.reporters.JUnitReportReporter -->
<testsuite skipped="0" hostname="happy" name="FailedTestCaseScreenShot.HashCode" tests="1" failures="0" timestamp="29 May 2018 19:22:56 GMT" time="40.312" errors="0">
  <testcase name="hexacolor" time="40.312" classname="FailedTestCaseScreenShot.HashCode"/>
</testsuite> <!-- FailedTestCaseScreenShot.HashCode -->
