<?xml version="1.0" encoding="UTF-8"?>
<!-- Generated by org.testng.reporters.JUnitReportReporter -->
<testsuite skipped="0" hostname="happy" name="TestNGPractice.IntegerPassing" tests="1" failures="0" timestamp="12 Jun 2018 21:12:56 GMT" time="91.858" errors="0">
  <testcase name="test1" time="91.858" classname="TestNGPractice.IntegerPassing"/>
</testsuite> <!-- TestNGPractice.IntegerPassing -->
