<?xml version="1.0" encoding="UTF-8"?>
<!-- Generated by org.testng.reporters.JUnitReportReporter -->
<testsuite skipped="0" hostname="happy" name="FailedTestCaseScreenShot.FailueScreenShot" tests="1" failures="0" timestamp="18 May 2018 20:30:15 GMT" time="45.120" errors="0">
  <testcase name="captureScreenMethod" time="45.120" classname="FailedTestCaseScreenShot.FailueScreenShot"/>
</testsuite> <!-- FailedTestCaseScreenShot.FailueScreenShot -->
