<?xml version="1.0" encoding="UTF-8"?>
<!-- Generated by org.testng.reporters.JUnitReportReporter -->
<testsuite skipped="0" hostname="happy" name="RobotPractice.RobotActions" tests="1" failures="0" timestamp="31 May 2018 20:14:09 GMT" time="48.235" errors="0">
  <testcase name="wordtopdf" time="48.235" classname="RobotPractice.RobotActions"/>
</testsuite> <!-- RobotPractice.RobotActions -->
