<?xml version="1.0" encoding="UTF-8"?>
<!-- Generated by org.testng.reporters.JUnitReportReporter -->
<testsuite skipped="0" hostname="happy" name="RetryFailedTestCase.Retesting" tests="1" failures="0" timestamp="30 May 2018 19:31:51 GMT" time="55.428" errors="0">
  <testcase name="login" time="55.428" classname="RetryFailedTestCase.Retesting"/>
</testsuite> <!-- RetryFailedTestCase.Retesting -->
