<?xml version="1.0" encoding="UTF-8"?>
<!-- Generated by org.testng.reporters.JUnitReportReporter -->
<testsuite skipped="0" hostname="happy" name="RetryFailedTestCase.GetTextFromImage" tests="1" failures="0" timestamp="31 May 2018 19:48:49 GMT" time="48.231" errors="0">
  <testcase name="exe" time="48.231" classname="RetryFailedTestCase.GetTextFromImage"/>
</testsuite> <!-- RetryFailedTestCase.GetTextFromImage -->
