<?xml version="1.0" encoding="UTF-8"?>
<!-- Generated by org.testng.reporters.JUnitReportReporter -->
<testsuite skipped="0" hostname="happy" name="RetryFailedTestCase.Test1" tests="1" failures="0" timestamp="29 May 2018 21:28:09 GMT" time="0.027" errors="0">
  <testcase name="tester1" time="0.027" classname="RetryFailedTestCase.Test1"/>
</testsuite> <!-- RetryFailedTestCase.Test1 -->
